<?xml version="1.0" encoding="UTF-8"?>
<!-- Generated by org.testng.reporters.JUnitReportReporter -->
<testsuite hostname="PB135GD040" name="testscript.PersonalLoan" tests="1" failures="0" timestamp="9 Jan 2018 05:00:46 GMT" time="31.572" errors="0">
  <testcase name="testcase1" time="31.572" classname="testscript.PersonalLoan"/>
</testsuite> <!-- testscript.PersonalLoan -->
